<?xml version="1.0" encoding="UTF-8"?>
<testsuite name="com.example.android.testing.unittesting.BasicSample.SharedPreferencesHelperTest" tests="2" skipped="0" failures="0" errors="0" timestamp="2017-05-11T09:55:32" hostname="HienTon.local" time="0.016">
  <properties/>
  <testcase name="sharedPreferencesHelper_SavePersonalInformationFailed_ReturnsFalse" classname="com.example.android.testing.unittesting.BasicSample.SharedPreferencesHelperTest" time="0.014"/>
  <testcase name="sharedPreferencesHelper_SaveAndReadPersonalInformation" classname="com.example.android.testing.unittesting.BasicSample.SharedPreferencesHelperTest" time="0.001"/>
  <system-out><![CDATA[]]></system-out>
  <system-err><![CDATA[]]></system-err>
</testsuite>
